<!DOCTYPE html PUBLIC "-//W3C//DTD XHTML 1.1//EN" "http://www.w3.org/TR/xhtml11/DTD/xhtml11.dtd">
<html xmlns="http://www.w3.org/1999/xhtml">
<head>
<meta http-equiv="content-type" content="text/html; charset=UTF-8"/>
<title>TestNG Report</title>
<style type="text/css">table {margin-bottom:10px;border-collapse:collapse;empty-cells:show}th,td {border:1px solid #009;padding:.25em .5em}th {vertical-align:bottom}td {vertical-align:top}table a {font-weight:bold}.stripe td {background-color: #E6EBF9}.num {text-align:right}.passedodd td {background-color: #3F3}.passedeven td {background-color: #0A0}.skippedodd td {background-color: #DDD}.skippedeven td {background-color: #CCC}.failedodd td,.attn {background-color: #F33}.failedeven td,.stripe .attn {background-color: #D00}.stacktrace {white-space:pre;font-family:monospace}.totop {font-size:85%;text-align:center;border-bottom:2px solid #000}.invisible {display:none}</style>
</head>
<body>
<table>
<tr><th>Test</th><th># Passed</th><th># Skipped</th><th># Failed</th><th>Time (ms)</th><th>Included Groups</th><th>Excluded Groups</th></tr>
<tr><th colspan="7">测试套件</th></tr>
<tr><td><a href="#t0">简单测试</a></td><td class="num">14</td><td class="num attn">2</td><td class="num attn">3</td><td class="num">38</td><td></td><td></td></tr>
</table>
<table id='summary'><thead><tr><th>Class</th><th>Method</th><th>Start</th><th>Time (ms)</th></tr></thead><tbody><tr><th colspan="4">测试套件</th></tr></tbody><tbody id="t0"><tr><th colspan="4">简单测试 &#8212; failed</th></tr><tr class="failedeven"><td rowspan="1">test.sample.DataProviderTest</td><td><a href="#m0">testAdd2</a></td><td rowspan="1">1609429954062</td><td rowspan="1">0</td></tr><tr class="failedodd"><td rowspan="1">test.sample.DependGroupsTest</td><td><a href="#m1">testAdd1</a></td><td rowspan="1">1609429954068</td><td rowspan="1">0</td></tr><tr class="failedeven"><td rowspan="1">test.sample.DependentMethodsTest</td><td><a href="#m2">testAdd1</a></td><td rowspan="1">1609429954067</td><td rowspan="1">0</td></tr><tr><th colspan="4">简单测试 &#8212; skipped</th></tr><tr class="skippedeven"><td rowspan="1">test.sample.DependGroupsTest</td><td><a href="#m3">testAdd3</a></td><td rowspan="1">1609429954076</td><td rowspan="1">0</td></tr><tr class="skippedodd"><td rowspan="1">test.sample.DependentMethodsTest</td><td><a href="#m4">testAdd2</a></td><td rowspan="1">1609429954076</td><td rowspan="1">0</td></tr><tr><th colspan="4">简单测试 &#8212; passed</th></tr><tr class="passedeven"><td rowspan="3">test.sample.CaseRunTest</td><td><a href="#m5">testCase0</a></td><td rowspan="1">1609429954052</td><td rowspan="1">7</td></tr><tr class="passedeven"><td><a href="#m6">testCase1</a></td><td rowspan="1">1609429954059</td><td rowspan="1">0</td></tr><tr class="passedeven"><td><a href="#m7">testCase2</a></td><td rowspan="1">1609429954059</td><td rowspan="1">0</td></tr><tr class="passedodd"><td rowspan="2">test.sample.DataProviderTest</td><td><a href="#m8">testAdd2</a></td><td rowspan="2">1609429954062</td><td rowspan="2">0</td></tr><tr class="passedodd"><td><a href="#m9">testAdd2</a></td></tr><tr class="passedeven"><td rowspan="1">test.sample.DependGroupsTest</td><td><a href="#m10">testAdd2</a></td><td rowspan="1">1609429954068</td><td rowspan="1">0</td></tr><tr class="passedodd"><td rowspan="1">test.sample.FirstTest</td><td><a href="#m11">testCase</a></td><td rowspan="1">1609429954068</td><td rowspan="1">0</td></tr><tr class="passedeven"><td rowspan="2">test.sample.FixtureTest</td><td><a href="#m12">testCase1</a></td><td rowspan="1">1609429954069</td><td rowspan="1">1</td></tr><tr class="passedeven"><td><a href="#m13">testCase2</a></td><td rowspan="1">1609429954070</td><td rowspan="1">0</td></tr><tr class="passedodd"><td rowspan="4">test.sample.GroupsTest</td><td><a href="#m14">testCase4</a></td><td rowspan="1">1609429954071</td><td rowspan="1">0</td></tr><tr class="passedodd"><td><a href="#m15">testCase5</a></td><td rowspan="1">1609429954071</td><td rowspan="1">0</td></tr><tr class="passedodd"><td><a href="#m16">testCase6</a></td><td rowspan="1">1609429954072</td><td rowspan="1">0</td></tr><tr class="passedodd"><td><a href="#m17">testCase7</a></td><td rowspan="1">1609429954072</td><td rowspan="1">0</td></tr><tr class="passedeven"><td rowspan="1">test.sample.SecondTest</td><td><a href="#m18">TestCase3</a></td><td rowspan="1">1609429954073</td><td rowspan="1">1</td></tr></tbody>
</table>
<h2>简单测试</h2><h3 id="m0">test.sample.DataProviderTest#testAdd2</h3><table class="result"><tr class="param"><th>Parameter #1</th><th>Parameter #2</th><th>Parameter #3</th></tr><tr class="param stripe"><td>3</td><td>3</td><td>7</td></tr><tr><th colspan="3">Exception</th></tr><tr><td colspan="3"><div class="stacktrace">java.lang.AssertionError: expected:&lt;6&gt; but was:&lt;7&gt;
	at test.sample.DataProviderTest.testAdd2(DataProviderTest.java:21)
	at java.util.concurrent.FutureTask.run(FutureTask.java:266)
	at java.util.concurrent.ThreadPoolExecutor.runWorker(ThreadPoolExecutor.java:1142)
	at java.util.concurrent.ThreadPoolExecutor$Worker.run(ThreadPoolExecutor.java:617)
	at java.lang.Thread.run(Thread.java:748)
... Removed 21 stack frames</div></td></tr></table><p class="totop"><a href="#summary">back to summary</a></p>
<h3 id="m1">test.sample.DependGroupsTest#testAdd1</h3><table class="result"><tr><th>Exception</th></tr><tr><td><div class="stacktrace">java.lang.AssertionError: expected:&lt;5&gt; but was:&lt;4&gt;
	at test.sample.DependGroupsTest.testAdd1(DependGroupsTest.java:11)
	at java.util.concurrent.FutureTask.run(FutureTask.java:266)
	at java.util.concurrent.ThreadPoolExecutor.runWorker(ThreadPoolExecutor.java:1142)
	at java.util.concurrent.ThreadPoolExecutor$Worker.run(ThreadPoolExecutor.java:617)
	at java.lang.Thread.run(Thread.java:748)
... Removed 21 stack frames</div></td></tr></table><p class="totop"><a href="#summary">back to summary</a></p>
<h3 id="m2">test.sample.DependentMethodsTest#testAdd1</h3><table class="result"><tr><th>Exception</th></tr><tr><td><div class="stacktrace">org.testng.TestException: 
Expected exception of type class java.lang.RuntimeException but got java.lang.AssertionError: expected:&lt;3&gt; but was:&lt;4&gt;
	at java.util.concurrent.FutureTask.run(FutureTask.java:266)
	at java.util.concurrent.ThreadPoolExecutor.runWorker(ThreadPoolExecutor.java:1142)
	at java.util.concurrent.ThreadPoolExecutor$Worker.run(ThreadPoolExecutor.java:617)
	at java.lang.Thread.run(Thread.java:748)
Caused by: java.lang.AssertionError: expected:&lt;3&gt; but was:&lt;4&gt;
	at test.sample.DependentMethodsTest.testAdd1(DependentMethodsTest.java:11)
	... 14 more
... Removed 24 stack frames</div></td></tr></table><p class="totop"><a href="#summary">back to summary</a></p>
<h3 id="m3">test.sample.DependGroupsTest#testAdd3</h3><table class="result"><tr><th>Exception</th></tr><tr><td><div class="stacktrace">java.lang.Throwable: Method DependGroupsTest.testAdd3()[pri:0, instance:test.sample.DependGroupsTest@735f7ae5] depends on not successfully finished methods in group &quot;functest&quot;
	at java.util.concurrent.FutureTask.run(FutureTask.java:266)
	at java.util.concurrent.ThreadPoolExecutor.runWorker(ThreadPoolExecutor.java:1142)
	at java.util.concurrent.ThreadPoolExecutor$Worker.run(ThreadPoolExecutor.java:617)
	at java.lang.Thread.run(Thread.java:748)
... Removed 9 stack frames</div></td></tr></table><p class="totop"><a href="#summary">back to summary</a></p>
<h3 id="m4">test.sample.DependentMethodsTest#testAdd2</h3><table class="result"><tr><th>Exception</th></tr><tr><td><div class="stacktrace">java.lang.Throwable: Method DependentMethodsTest.testAdd2()[pri:0, instance:test.sample.DependentMethodsTest@17550481] depends on not successfully finished methods
	at java.util.concurrent.FutureTask.run(FutureTask.java:266)
	at java.util.concurrent.ThreadPoolExecutor.runWorker(ThreadPoolExecutor.java:1142)
	at java.util.concurrent.ThreadPoolExecutor$Worker.run(ThreadPoolExecutor.java:617)
	at java.lang.Thread.run(Thread.java:748)
... Removed 9 stack frames</div></td></tr></table><p class="totop"><a href="#summary">back to summary</a></p>
<h3 id="m5">test.sample.CaseRunTest#testCase0</h3><table class="result"><tr><th class="invisible"/></tr></table><p class="totop"><a href="#summary">back to summary</a></p>
<h3 id="m6">test.sample.CaseRunTest#testCase1</h3><table class="result"><tr><th class="invisible"/></tr></table><p class="totop"><a href="#summary">back to summary</a></p>
<h3 id="m7">test.sample.CaseRunTest#testCase2</h3><table class="result"><tr><th class="invisible"/></tr></table><p class="totop"><a href="#summary">back to summary</a></p>
<h3 id="m8">test.sample.DataProviderTest#testAdd2</h3><table class="result"><tr class="param"><th>Parameter #1</th><th>Parameter #2</th><th>Parameter #3</th></tr><tr class="param stripe"><td>2</td><td>2</td><td>4</td></tr></table><p class="totop"><a href="#summary">back to summary</a></p>
<h3 id="m9">test.sample.DataProviderTest#testAdd2</h3><table class="result"><tr class="param"><th>Parameter #1</th><th>Parameter #2</th><th>Parameter #3</th></tr><tr class="param stripe"><td>3</td><td>2</td><td>5</td></tr></table><p class="totop"><a href="#summary">back to summary</a></p>
<h3 id="m10">test.sample.DependGroupsTest#testAdd2</h3><table class="result"><tr><th class="invisible"/></tr></table><p class="totop"><a href="#summary">back to summary</a></p>
<h3 id="m11">test.sample.FirstTest#testCase</h3><table class="result"><tr><th class="invisible"/></tr></table><p class="totop"><a href="#summary">back to summary</a></p>
<h3 id="m12">test.sample.FixtureTest#testCase1</h3><table class="result"><tr><th class="invisible"/></tr></table><p class="totop"><a href="#summary">back to summary</a></p>
<h3 id="m13">test.sample.FixtureTest#testCase2</h3><table class="result"><tr><th class="invisible"/></tr></table><p class="totop"><a href="#summary">back to summary</a></p>
<h3 id="m14">test.sample.GroupsTest#testCase4</h3><table class="result"><tr><th class="invisible"/></tr></table><p class="totop"><a href="#summary">back to summary</a></p>
<h3 id="m15">test.sample.GroupsTest#testCase5</h3><table class="result"><tr><th class="invisible"/></tr></table><p class="totop"><a href="#summary">back to summary</a></p>
<h3 id="m16">test.sample.GroupsTest#testCase6</h3><table class="result"><tr><th class="invisible"/></tr></table><p class="totop"><a href="#summary">back to summary</a></p>
<h3 id="m17">test.sample.GroupsTest#testCase7</h3><table class="result"><tr><th>Expected Exception</th></tr><tr><td><div class="stacktrace">java.lang.ArithmeticException: / by zero
	at test.sample.GroupsTest.testCase7(GroupsTest.java:27)
	at java.util.concurrent.FutureTask.run(FutureTask.java:266)
	at java.util.concurrent.ThreadPoolExecutor.runWorker(ThreadPoolExecutor.java:1142)
	at java.util.concurrent.ThreadPoolExecutor$Worker.run(ThreadPoolExecutor.java:617)
	at java.lang.Thread.run(Thread.java:748)
... Removed 16 stack frames</div></td></tr></table><p class="totop"><a href="#summary">back to summary</a></p>
<h3 id="m18">test.sample.SecondTest#TestCase3</h3><table class="result"><tr><th class="invisible"/></tr></table><p class="totop"><a href="#summary">back to summary</a></p>
</body>
</html>
