<?xml version="1.0" encoding="UTF-8"?>
<testsuite xmlns:xsi="http://www.w3.org/2001/XMLSchema-instance" xsi:noNamespaceSchemaLocation="https://maven.apache.org/surefire/maven-surefire-plugin/xsd/surefire-test-report.xsd" name="TestSuite" time="0.404" tests="19" errors="0" skipped="2" failures="3">
  <properties>
    <property name="sun.desktop" value="windows"/>
    <property name="awt.toolkit" value="sun.awt.windows.WToolkit"/>
    <property name="file.encoding.pkg" value="sun.io"/>
    <property name="java.specification.version" value="1.8"/>
    <property name="sun.cpu.isalist" value="amd64"/>
    <property name="sun.jnu.encoding" value="GBK"/>
    <property name="java.class.path" value="C:\Users\Administrator\IdeaProjects\TestProject1\target\test-classes;C:\Users\Administrator\IdeaProjects\TestProject1\target\classes;D:\Code\Java\TestMaven\Warehouse\org\testng\testng\6.14.3\testng-6.14.3.jar;D:\Code\Java\TestMaven\Warehouse\com\beust\jcommander\1.72\jcommander-1.72.jar;D:\Code\Java\TestMaven\Warehouse\org\apache-extras\beanshell\bsh\2.0b6\bsh-2.0b6.jar;"/>
    <property name="java.vm.vendor" value="Oracle Corporation"/>
    <property name="sun.arch.data.model" value="64"/>
    <property name="user.variant" value=""/>
    <property name="java.vendor.url" value="http://java.oracle.com/"/>
    <property name="user.timezone" value="Asia/Shanghai"/>
    <property name="java.vm.specification.version" value="1.8"/>
    <property name="os.name" value="Windows 10"/>
    <property name="user.country" value="CN"/>
    <property name="sun.java.launcher" value="SUN_STANDARD"/>
    <property name="sun.boot.library.path" value="C:\Program Files\Java\jdk1.8.0_131\jre\bin"/>
    <property name="sun.java.command" value="C:\Users\ADMINI~1\AppData\Local\Temp\surefire6740907153628824674\surefirebooter5974143367464727177.jar C:\Users\Administrator\AppData\Local\Temp\surefire6740907153628824674 2020-12-31T23-52-33_304-jvmRun1 surefire3595769984481134463tmp surefire_0490896912613413595tmp"/>
    <property name="surefire.test.class.path" value="C:\Users\Administrator\IdeaProjects\TestProject1\target\test-classes;C:\Users\Administrator\IdeaProjects\TestProject1\target\classes;D:\Code\Java\TestMaven\Warehouse\org\testng\testng\6.14.3\testng-6.14.3.jar;D:\Code\Java\TestMaven\Warehouse\com\beust\jcommander\1.72\jcommander-1.72.jar;D:\Code\Java\TestMaven\Warehouse\org\apache-extras\beanshell\bsh\2.0b6\bsh-2.0b6.jar;"/>
    <property name="sun.cpu.endian" value="little"/>
    <property name="user.home" value="C:\Users\Administrator"/>
    <property name="user.language" value="zh"/>
    <property name="java.specification.vendor" value="Oracle Corporation"/>
    <property name="java.home" value="C:\Program Files\Java\jdk1.8.0_131\jre"/>
    <property name="basedir" value="C:\Users\Administrator\IdeaProjects\TestProject1"/>
    <property name="file.separator" value="\"/>
    <property name="line.separator" value="&#10;"/>
    <property name="java.vm.specification.vendor" value="Oracle Corporation"/>
    <property name="java.specification.name" value="Java Platform API Specification"/>
    <property name="java.awt.graphicsenv" value="sun.awt.Win32GraphicsEnvironment"/>
    <property name="surefire.real.class.path" value="C:\Users\ADMINI~1\AppData\Local\Temp\surefire6740907153628824674\surefirebooter5974143367464727177.jar"/>
    <property name="sun.boot.class.path" value="C:\Program Files\Java\jdk1.8.0_131\jre\lib\resources.jar;C:\Program Files\Java\jdk1.8.0_131\jre\lib\rt.jar;C:\Program Files\Java\jdk1.8.0_131\jre\lib\sunrsasign.jar;C:\Program Files\Java\jdk1.8.0_131\jre\lib\jsse.jar;C:\Program Files\Java\jdk1.8.0_131\jre\lib\jce.jar;C:\Program Files\Java\jdk1.8.0_131\jre\lib\charsets.jar;C:\Program Files\Java\jdk1.8.0_131\jre\lib\jfr.jar;C:\Program Files\Java\jdk1.8.0_131\jre\classes"/>
    <property name="user.script" value=""/>
    <property name="sun.management.compiler" value="HotSpot 64-Bit Tiered Compilers"/>
    <property name="java.runtime.version" value="1.8.0_131-b11"/>
    <property name="user.name" value="Administrator"/>
    <property name="path.separator" value=";"/>
    <property name="os.version" value="10.0"/>
    <property name="java.endorsed.dirs" value="C:\Program Files\Java\jdk1.8.0_131\jre\lib\endorsed"/>
    <property name="java.runtime.name" value="Java(TM) SE Runtime Environment"/>
    <property name="file.encoding" value="GBK"/>
    <property name="java.vm.name" value="Java HotSpot(TM) 64-Bit Server VM"/>
    <property name="localRepository" value="D:\Code\Java\TestMaven\Warehouse"/>
    <property name="java.vendor.url.bug" value="http://bugreport.sun.com/bugreport/"/>
    <property name="java.io.tmpdir" value="C:\Users\ADMINI~1\AppData\Local\Temp\"/>
    <property name="java.version" value="1.8.0_131"/>
    <property name="user.dir" value="C:\Users\Administrator\IdeaProjects\TestProject1"/>
    <property name="os.arch" value="amd64"/>
    <property name="java.vm.specification.name" value="Java Virtual Machine Specification"/>
    <property name="java.awt.printerjob" value="sun.awt.windows.WPrinterJob"/>
    <property name="sun.os.patch.level" value=""/>
    <property name="java.library.path" value="C:\Program Files\Java\jdk1.8.0_131\jre\bin;C:\windows\Sun\Java\bin;C:\windows\system32;C:\windows;C:\ProgramData\Oracle\Java\javapath;C:\windows\system32;C:\windows;C:\windows\System32\Wbem;C:\windows\System32\WindowsPowerShell\v1.0\;C:\windows\System32\OpenSSH\;C:\Program Files\Java\jdk1.8.0_131\bin;C:\Program Files\dotnet\;C:\Program Files\Git\cmd;D:\Program Files\maven\apache-maven-3.6.2\bin;D:\webtools\nodejs\;D:\Program Files\maven\apache-maven-3.6.2\bin;C:\Users\Administrator\AppData\Local\Microsoft\WindowsApps;C:\Program Files (x86)\Microsoft VS Code\bin;C:\Users\Administrator\AppData\Local\Programs\Fiddler;D:\webtools\Microsoft VS Code\bin;C:\Users\Administrator\AppData\Roaming\npm;."/>
    <property name="java.vm.info" value="mixed mode"/>
    <property name="java.vendor" value="Oracle Corporation"/>
    <property name="java.vm.version" value="25.131-b11"/>
    <property name="java.ext.dirs" value="C:\Program Files\Java\jdk1.8.0_131\jre\lib\ext;C:\windows\Sun\Java\lib\ext"/>
    <property name="sun.io.unicode.encoding" value="UnicodeLittle"/>
    <property name="java.class.version" value="52.0"/>
  </properties>
  <testcase name="testCase0" classname="test.sample.CaseRunTest" time="0.007"/>
  <testcase name="testCase1" classname="test.sample.CaseRunTest" time="0"/>
  <testcase name="testCase2" classname="test.sample.CaseRunTest" time="0"/>
  <testcase name="testAdd2" classname="test.sample.DataProviderTest" time="0"/>
  <testcase name="testAdd2" classname="test.sample.DataProviderTest" time="0"/>
  <testcase name="testAdd2" classname="test.sample.DataProviderTest" time="0.005">
    <failure message="expected:&lt;6&gt; but was:&lt;7&gt;" type="java.lang.AssertionError"><![CDATA[java.lang.AssertionError: expected:<6> but was:<7>
	at test.sample.DataProviderTest.testAdd2(DataProviderTest.java:21)
]]></failure>
  </testcase>
  <testcase name="testAdd1" classname="test.sample.DependentMethodsTest" time="0">
    <failure message="&#10;Expected exception of type class java.lang.RuntimeException but got java.lang.AssertionError: expected:&lt;3&gt; but was:&lt;4&gt;" type="org.testng.TestException"><![CDATA[org.testng.TestException: 

Expected exception of type class java.lang.RuntimeException but got java.lang.AssertionError: expected:<3> but was:<4>
	at test.sample.DependentMethodsTest.testAdd1(DependentMethodsTest.java:11)
]]></failure>
  </testcase>
  <testcase name="testAdd1" classname="test.sample.DependGroupsTest" time="0">
    <failure message="expected:&lt;5&gt; but was:&lt;4&gt;" type="java.lang.AssertionError"><![CDATA[java.lang.AssertionError: expected:<5> but was:<4>
	at test.sample.DependGroupsTest.testAdd1(DependGroupsTest.java:11)
]]></failure>
  </testcase>
  <testcase name="testAdd2" classname="test.sample.DependGroupsTest" time="0"/>
  <testcase name="testCase" classname="test.sample.FirstTest" time="0"/>
  <testcase name="testCase1" classname="test.sample.FixtureTest" time="0.001"/>
  <testcase name="testCase2" classname="test.sample.FixtureTest" time="0"/>
  <testcase name="testCase4" classname="test.sample.GroupsTest" time="0"/>
  <testcase name="testCase5" classname="test.sample.GroupsTest" time="0"/>
  <testcase name="testCase6" classname="test.sample.GroupsTest" time="0"/>
  <testcase name="testCase7" classname="test.sample.GroupsTest" time="0"/>
  <testcase name="TestCase3" classname="test.sample.SecondTest" time="0"/>
  <testcase name="testAdd2" classname="test.sample.DependentMethodsTest" time="0">
    <skipped message="Method DependentMethodsTest.testAdd2()[pri:0, instance:test.sample.DependentMethodsTest@17550481] depends on not successfully finished methods"/>
  </testcase>
  <testcase name="testAdd3" classname="test.sample.DependGroupsTest" time="0">
    <skipped message="Method DependGroupsTest.testAdd3()[pri:0, instance:test.sample.DependGroupsTest@735f7ae5] depends on not successfully finished methods in group &quot;functest&quot;"/>
  </testcase>
</testsuite>